2026-01-07 10:15:33,259 - PyDailyHotApi - ERROR - HTTP请求失败: https://www.zhihu.com/api/v3/feed/topstory/hot-lists/total?limit=50&desktop=true - 401 Client Error: Authorization Required for url: https://www.zhihu.com/api/v3/feed/topstory/hot-lists/total?limit=50&desktop=true
2026-01-07 10:54:36,729 - PyDailyHotApi - ERROR - HTTP请求失败: https://www.geekpark.net/ - 403 Client Error: Forbidden for url: https://www.geekpark.net/
2026-01-07 10:57:45,367 - PyDailyHotApi - ERROR - HTTP请求失败: https://www.zhihu.com/api/v3/feed/topstory/hot-lists/total?limit=50&desktop=true - 401 Client Error: Authorization Required for url: https://www.zhihu.com/api/v3/feed/topstory/hot-lists/total?limit=50&desktop=true
2026-01-07 11:09:11,554 - PyDailyHotApi - ERROR - 解析抖音热点榜失败: Expecting value: line 1 column 1 (char 0)
2026-01-07 11:10:26,179 - PyDailyHotApi - ERROR - 解析抖音热点榜失败 (https://www.douyin.com/aweme/v1/web/hot/search/list/?device_platform=webapp&aid=6383&channel=channel_pc_web&detail_list=1): Expecting value: line 1 column 1 (char 0)
2026-01-07 11:11:11,807 - PyDailyHotApi - ERROR - 解析抖音热点榜失败 (https://www.douyin.com/aweme/v1/web/hot/search/list/?device_platform=webapp&aid=6383&channel=channel_pc_web&detail_list=1): Expecting value: line 1 column 1 (char 0)
2026-01-07 11:19:00,252 - PyDailyHotApi - ERROR - 解析抖音热点榜失败: Expecting value: line 1 column 1 (char 0)
2026-01-07 11:19:14,792 - PyDailyHotApi - ERROR - 解析抖音热点榜失败: Expecting value: line 1 column 1 (char 0)
2026-01-07 11:19:18,346 - PyDailyHotApi - ERROR - 解析抖音热点榜失败: Expecting value: line 1 column 1 (char 0)
2026-01-07 11:36:55,003 - PyDailyHotApi - ERROR - HTTP请求失败: https://www.douyin.com/aweme/v1/web/hot/search/list/?device_platform=webapp&aid=6383&channel=channel_pc_web&detail_list=1 - Expecting value: line 1 column 1 (char 0)
2026-01-07 11:39:39,564 - PyDailyHotApi - ERROR - HTTP请求失败: https://www.douyin.com/aweme/v1/web/hot/search/list/?device_platform=webapp&aid=6383&channel=channel_pc_web&detail_list=1 - Expecting value: line 1 column 1 (char 0)
2026-01-07 11:40:59,211 - PyDailyHotApi - INFO - 抖音API响应状态码: 200
2026-01-07 11:40:59,211 - PyDailyHotApi - INFO - 抖音API响应头: {'Server': 'Tengine', 'Content-Type': 'application/json', 'Transfer-Encoding': 'chunked', 'Connection': 'keep-alive', 'Date': 'Wed, 07 Jan 2026 03:40:59 GMT', 'Vary': 'Accept-Encoding', 'Tt_stable': '1', 'X-Tt-Logid': '202601071140598E1371C26B6AE7FB2C6B', 'To-Env': '', 'Cookie_ttwidinfo_webid': '', 'X-Janus-Info': 'YsIEtmOlADooapP-RTqtcmneUAH-JO8hKON5EY0nHIlIDwnLw-CE5EfeYrxjcsc5VoQka8XnzOvqvtzToAdL0tVlsfvbWe72u5my6Ww8K3DwJ3PGOwLkSr3qPuAN_3nOweuLM2uDFGEP1Ugy8vSX4kyIgMKSIf7AWHStg6kEwZbc00qV91oBdzNtex9pvN4vlxl81YmNBAKrtnBDJtm_xDJSU2Fev5LISClkybbNizSucXB3JoXmDNgSfrX_Us08roOZNIoc4fono8i1y7iPzJ730mZS7C4RKfY6-ZuQ', 'Strict-Transport-Security': 'max-age=31536000; includeSubDomains; preload', 'Access-Control-Allow-Origin': 'https://www.douyin.com', 'Access-Control-Allow-Credentials': 'true', 'server-timing': 'inner; dur=118, cdn-cache;desc=MISS,edge;dur=0,origin;dur=155', 'x-tt-trace-host': '0150d1dc329351175f6e40e927d23c95294fac7a461127f0cf091e3a37347279a34e376f820a3540936cdddeb27b9da501ccad65bab63d9976b5d8625b009bc736dc5208d162c60f5a68fe7ff1159860aee9a90848e7c7f76ba547caf81ad1316975e3f7194dc16cf20f3a5ee470836c93338a60173e3ce56c9680313f0d7363da', 'x-tt-trace-tag': 'id=03;cdn-cache=miss;type=dyn', 'x-tt-trace-id': '00-2601071140598E1371C26B6AE7FB2C6B-2070F4983B9D183E-00', 'Content-Encoding': 'gzip', 'Via': 'live8.cn7522[155,0]', 'Timing-Allow-Origin': '*', 'EagleId': '2497c63217677572589823404e'}
2026-01-07 11:40:59,211 - PyDailyHotApi - INFO - 抖音API响应内容类型: application/json
2026-01-07 11:40:59,211 - PyDailyHotApi - INFO - 抖音API响应内容前500字符: {"banner_dark":{"uri":"32e5200049fac86168117","url_list":["https://p11-sign.douyinpic.com/obj/32e5200049fac86168117?lk3s=03ea9982\u0026x-expires=1767776400\u0026x-signature=aRv4THQ2OngKGU8SVSc64DjPjjQ%3D\u0026from=65706370","https://p26-sign.douyinpic.com/obj/32e5200049fac86168117?lk3s=03ea9982\u0026x-expires=1767776400\u0026x-signature=WDw7voehW9uYAp%2ByB086XrbMm%2Fc%3D\u0026from=65706370","https://p3-sign.douyinpic.com/obj/32e5200049fac86168117?lk3s=03ea9982\u0026x-expires=1767776400\u0026x-si
2026-01-07 11:42:06,644 - PyDailyHotApi - ERROR - HTTP请求失败: https://api.kuaishou.com/aweme/v1/hot/search/list/ - HTTPSConnectionPool(host='api.kuaishou.com', port=443): Max retries exceeded with url: /aweme/v1/hot/search/list/ (Caused by NameResolutionError("HTTPSConnection(host='api.kuaishou.com', port=443): Failed to resolve 'api.kuaishou.com' ([Errno 11001] getaddrinfo failed)"))
2026-01-07 11:45:07,021 - PyDailyHotApi - ERROR - 获取快手热点榜失败: could not convert string to float: 'None'
2026-01-07 11:47:31,046 - PyDailyHotApi - ERROR - HTTP请求失败: https://www.v2ex.com/?tab=hot - HTTPSConnectionPool(host='www.v2ex.com', port=443): Max retries exceeded with url: /?tab=hot (Caused by ConnectTimeoutError(<HTTPSConnection(host='www.v2ex.com', port=443) at 0x23d3bd48a50>, 'Connection to www.v2ex.com timed out. (connect timeout=10)'))
2026-01-07 11:54:40,332 - PyDailyHotApi - ERROR - HTTP请求失败: https://www.v2ex.com/api/topics/hot.json - HTTPSConnectionPool(host='www.v2ex.com', port=443): Max retries exceeded with url: /api/topics/hot.json (Caused by ConnectTimeoutError(<HTTPSConnection(host='www.v2ex.com', port=443) at 0x224a4402510>, 'Connection to www.v2ex.com timed out. (connect timeout=10)'))
2026-01-07 12:15:29,631 - PyDailyHotApi - ERROR - HTTP请求失败: https://www.v2ex.com/api/topics/hot.json - HTTPSConnectionPool(host='www.v2ex.com', port=443): Max retries exceeded with url: /api/topics/hot.json (Caused by ConnectTimeoutError(<HTTPSConnection(host='www.v2ex.com', port=443) at 0x206ff53e350>, 'Connection to www.v2ex.com timed out. (connect timeout=10)'))
2026-01-07 12:16:28,623 - PyDailyHotApi - ERROR - HTTP请求失败: https://www.v2ex.com/api/topics/hot.json - HTTPSConnectionPool(host='www.v2ex.com', port=443): Max retries exceeded with url: /api/topics/hot.json (Caused by ConnectTimeoutError(<HTTPSConnection(host='www.v2ex.com', port=443) at 0x206ff53ead0>, 'Connection to www.v2ex.com timed out. (connect timeout=10)'))
2026-01-07 13:17:54,302 - PyDailyHotApi - ERROR - HTTP请求失败: https://tieba.baidu.com/hottopic/browse/topicList - HTTPSConnectionPool(host='tieba.baidu.com', port=443): Read timed out. (read timeout=10)
2026-01-07 14:01:59,644 - PyDailyHotApi - ERROR - HTTP请求失败: https://tieba.baidu.com/hottopic/browse/topicList - HTTPSConnectionPool(host='tieba.baidu.com', port=443): Read timed out. (read timeout=10)
2026-01-07 14:02:13,183 - PyDailyHotApi - ERROR - HTTP请求失败: https://tieba.baidu.com/hottopic/browse/topicList - HTTPSConnectionPool(host='tieba.baidu.com', port=443): Read timed out. (read timeout=10)
2026-01-07 14:30:02,651 - PyDailyHotApi - ERROR - HTTP请求失败: https://tieba.baidu.com/hottopic/browse/topicList - HTTPSConnectionPool(host='tieba.baidu.com', port=443): Read timed out. (read timeout=10)
2026-01-07 15:40:51,946 - PyDailyHotApi - ERROR - HTTP请求失败: https://www.yystv.cn/home/get_home_docs_by_page - 403 Client Error: Forbidden for url: https://www.yystv.cn/home/get_home_docs_by_page
2026-01-07 15:41:45,874 - PyDailyHotApi - ERROR - HTTP请求失败: https://www.yystv.cn/home/get_home_docs_by_page - 403 Client Error: Forbidden for url: https://www.yystv.cn/home/get_home_docs_by_page
2026-01-07 15:44:49,948 - PyDailyHotApi - ERROR - HTTP请求失败: https://rss.nodeseek.com/ - HTTPSConnectionPool(host='rss.nodeseek.com', port=443): Max retries exceeded with url: / (Caused by ConnectTimeoutError(<HTTPSConnection(host='rss.nodeseek.com', port=443) at 0x2789b072f90>, 'Connection to rss.nodeseek.com timed out. (connect timeout=10)'))
2026-01-07 16:15:16,352 - PyDailyHotApi - ERROR - HTTP请求失败: https://movie.douban.com/chart/ - HTTPSConnectionPool(host='movie.douban.com', port=443): Read timed out. (read timeout=10)
2026-01-07 16:15:57,211 - PyDailyHotApi - ERROR - HTTP请求失败: https://movie.douban.com/chart/ - HTTPSConnectionPool(host='movie.douban.com', port=443): Read timed out. (read timeout=10)
2026-01-07 16:39:22,302 - PyDailyHotApi - ERROR - HTTP请求失败: https://baike.baidu.com/cms/home/eventsOnHistory/annotation=int required=False default=None alias='month' description='月份' json_schema_extra={}.json - 404 Client Error: Not Found for url: https://baike.baidu.com/error.html?status=404&uri=/cms/home/eventsOnHistory/annotation=int%20required=False%20default=None%20alias='month'%20description='%E6%9C%88%E4%BB%BD'%20json_schema_extra=%7B%7D.json
2026-01-07 17:04:31,702 - PyDailyHotApi - ERROR - HTTP请求失败: https://api.coolapk.com/v6/page/dataList?url=/feed/statList?cacheExpires=300&statType=day&sortField=detailnum&title=今日热门&title=今日热门&subTitle=&page=1 - 403 Client Error: Forbidden for url: https://api.coolapk.com/v6/page/dataList?url=/feed/statList?cacheExpires=300&statType=day&sortField=detailnum&title=%E4%BB%8A%E6%97%A5%E7%83%AD%E9%97%A8&title=%E4%BB%8A%E6%97%A5%E7%83%AD%E9%97%A8&subTitle=&page=1
2026-01-07 17:06:29,029 - PyDailyHotApi - ERROR - HTTP请求失败: https://api.coolapk.com/v6/page/dataList?url=/feed/statList?cacheExpires=300&statType=day&sortField=detailnum&title=今日热门&title=今日热门&subTitle=&page=1 - 403 Client Error: Forbidden for url: https://api.coolapk.com/v6/page/dataList?url=/feed/statList?cacheExpires=300&statType=day&sortField=detailnum&title=%E4%BB%8A%E6%97%A5%E7%83%AD%E9%97%A8&title=%E4%BB%8A%E6%97%A5%E7%83%AD%E9%97%A8&subTitle=&page=1
2026-01-07 17:07:58,516 - PyDailyHotApi - ERROR - HTTP请求失败: https://api.coolapk.com/v6/page/dataList?url=/feed/statList?cacheExpires=300&statType=day&sortField=detailnum&title=今日热门&title=今日热门&subTitle=&page=1 - 403 Client Error: Forbidden for url: https://api.coolapk.com/v6/page/dataList?url=/feed/statList?cacheExpires=300&statType=day&sortField=detailnum&title=%E4%BB%8A%E6%97%A5%E7%83%AD%E9%97%A8&title=%E4%BB%8A%E6%97%A5%E7%83%AD%E9%97%A8&subTitle=&page=1
2026-01-07 17:10:54,741 - PyDailyHotApi - ERROR - HTTP请求失败: https://api.coolapk.com/v6/main/indexV8?page=1 - 403 Client Error: Forbidden for url: https://api.coolapk.com/v6/main/indexV8?page=1
2026-01-07 17:12:11,977 - PyDailyHotApi - ERROR - HTTP请求失败: https://api.coolapk.com/v6/page/dataList?url=/feed/statList?cacheExpires=300&statType=day&sortField=detailnum&title=今日热门&title=今日热门&subTitle=&page=1 - 403 Client Error: Forbidden for url: https://api.coolapk.com/v6/page/dataList?url=/feed/statList?cacheExpires=300&statType=day&sortField=detailnum&title=%E4%BB%8A%E6%97%A5%E7%83%AD%E9%97%A8&title=%E4%BB%8A%E6%97%A5%E7%83%AD%E9%97%A8&subTitle=&page=1
2026-01-07 17:16:47,815 - PyDailyHotApi - ERROR - HTTP请求失败: https://api.coolapk.com/v6/page/dataList?url=/feed/statList?cacheExpires=300&statType=day&sortField=detailnum&title=今日热门&title=今日热门&subTitle=&page=1 - 403 Client Error: Forbidden for url: https://api.coolapk.com/v6/page/dataList?url=/feed/statList?cacheExpires=300&statType=day&sortField=detailnum&title=%E4%BB%8A%E6%97%A5%E7%83%AD%E9%97%A8&title=%E4%BB%8A%E6%97%A5%E7%83%AD%E9%97%A8&subTitle=&page=1
2026-01-07 20:00:55,673 - PyDailyHotApi - ERROR - HTTP请求失败: https://www.producthunt.com - 403 Client Error: Forbidden for url: https://www.producthunt.com/
2026-01-07 20:05:05,563 - PyDailyHotApi - ERROR - HTTP请求失败: https://www.producthunt.com - 403 Client Error: Forbidden for url: https://www.producthunt.com/
2026-01-07 20:05:28,610 - PyDailyHotApi - ERROR - HTTP请求失败: https://www.producthunt.com - 403 Client Error: Forbidden for url: https://www.producthunt.com/
